<?xml version="1.0" encoding="UTF-8"?>
<testsuite xmlns:xsi="http://www.w3.org/2001/XMLSchema-instance" xsi:noNamespaceSchemaLocation="https://maven.apache.org/surefire/maven-surefire-plugin/xsd/surefire-test-report.xsd" name="nl.softcause.jsontemplates.nodes.TemplateTest" time="0.108" tests="9" errors="0" skipped="0" failures="0">
  <properties>
[...]
</properties>
  <testcase name="should_have_a_stack_depth_of_one_for_simple_template" classname="nl.softcause.jsontemplates.nodes.TemplateTest" time="0.001"/>
  <testcase name="should_evaluate_simple_template" classname="nl.softcause.jsontemplates.nodes.TemplateTest" time="0.008"/>
  <testcase name="should_have_a_stack_depth_of_one_for_multi_node_template" classname="nl.softcause.jsontemplates.nodes.TemplateTest" time="0"/>
  <testcase name="should_have_a_stack_depth_of_one_for_multi_node_template_in_multinode" classname="nl.softcause.jsontemplates.nodes.TemplateTest" time="0"/>
  <testcase name="should_increase_stack_by_one_for_stack_pushing_node" classname="nl.softcause.jsontemplates.nodes.TemplateTest" time="0.001"/>
  <testcase name="should_serialize_to_json" classname="nl.softcause.jsontemplates.nodes.TemplateTest" time="0.094"/>
  <testcase name="should_not_increase_stack_for_no_stack_pushing_node" classname="nl.softcause.jsontemplates.nodes.TemplateTest" time="0"/>
  <testcase name="should_behave_nice_in_complex_stack" classname="nl.softcause.jsontemplates.nodes.TemplateTest" time="0.002"/>
  <testcase name="should_not_increase_stack_for_no_stack_pushing_node_in_multinode" classname="nl.softcause.jsontemplates.nodes.TemplateTest" time="0.001"/>
</testsuite>