<?xml version="1.0" encoding="UTF-8"?>
<testsuite xmlns:xsi="http://www.w3.org/2001/XMLSchema-instance" xsi:noNamespaceSchemaLocation="https://maven.apache.org/surefire/maven-surefire-plugin/xsd/surefire-test-report.xsd" name="nl.softcause.jsontemplates.model.DefinedModelTest" time="0.01" tests="69" errors="0" skipped="0" failures="0">
  <properties>
[...]
</properties>
  <testcase name="Should_set_text_value" classname="nl.softcause.jsontemplates.model.DefinedModelTest" time="0"/>
  <testcase name="Should_set_nested_value_of_list" classname="nl.softcause.jsontemplates.model.DefinedModelTest" time="0"/>
  <testcase name="Should_retrieve_StringList_property" classname="nl.softcause.jsontemplates.model.DefinedModelTest" time="0"/>
  <testcase name="Should_set_StringList_value_on_index" classname="nl.softcause.jsontemplates.model.DefinedModelTest" time="0"/>
  <testcase name="Should_set_StringArray_value_on_index_with_cast" classname="nl.softcause.jsontemplates.model.DefinedModelTest" time="0"/>
  <testcase name="Should_set_report_null_values_in_list_access" classname="nl.softcause.jsontemplates.model.DefinedModelTest" time="0"/>
  <testcase name="Should_retrieve_generic_type" classname="nl.softcause.jsontemplates.model.DefinedModelTest" time="0"/>
  <testcase name="Should_retrieve_RecursiveNestedDefinition_nested_property" classname="nl.softcause.jsontemplates.model.DefinedModelTest" time="0.001"/>
  <testcase name="Should_set_null_Integer_value" classname="nl.softcause.jsontemplates.model.DefinedModelTest" time="0"/>
  <testcase name="Should_retrieve_setter_only_property" classname="nl.softcause.jsontemplates.model.DefinedModelTest" time="0"/>
  <testcase name="Should_set_IntegerList_value_with_cast" classname="nl.softcause.jsontemplates.model.DefinedModelTest" time="0.001"/>
  <testcase name="Should_set_StringList_value_with_cast" classname="nl.softcause.jsontemplates.model.DefinedModelTest" time="0"/>
  <testcase name="Should_get_StringArray_value" classname="nl.softcause.jsontemplates.model.DefinedModelTest" time="0"/>
  <testcase name="Should_retrieve_nested_property_on_ModelMap" classname="nl.softcause.jsontemplates.model.DefinedModelTest" time="0"/>
  <testcase name="Should_set_StringList_value" classname="nl.softcause.jsontemplates.model.DefinedModelTest" time="0"/>
  <testcase name="Should_get_Object_value_as_null" classname="nl.softcause.jsontemplates.model.DefinedModelTest" time="0"/>
  <testcase name="Should_set_IntegerList_value" classname="nl.softcause.jsontemplates.model.DefinedModelTest" time="0.001"/>
  <testcase name="Should_get_index_valued_of_StringArray_value" classname="nl.softcause.jsontemplates.model.DefinedModelTest" time="0"/>
  <testcase name="Should_get_null_value_for_unknown_map_entry" classname="nl.softcause.jsontemplates.model.DefinedModelTest" time="0"/>
  <testcase name="Should_set_Integer_value" classname="nl.softcause.jsontemplates.model.DefinedModelTest" time="0"/>
  <testcase name="Should_retrieve_getter_only_property" classname="nl.softcause.jsontemplates.model.DefinedModelTest" time="0"/>
  <testcase name="Should_set_IntegerList_value_on_index_with_cast" classname="nl.softcause.jsontemplates.model.DefinedModelTest" time="0"/>
  <testcase name="Should_set_StringArray_value_with_list_cast" classname="nl.softcause.jsontemplates.model.DefinedModelTest" time="0.001"/>
  <testcase name="Should_retrieve_NestedModel_property" classname="nl.softcause.jsontemplates.model.DefinedModelTest" time="0"/>
  <testcase name="Should_retrieve_ModelMap_property" classname="nl.softcause.jsontemplates.model.DefinedModelTest" time="0"/>
  <testcase name="Should_report_errors_on_missing_property" classname="nl.softcause.jsontemplates.model.DefinedModelTest" time="0"/>
  <testcase name="Should_get_StringList_value" classname="nl.softcause.jsontemplates.model.DefinedModelTest" time="0"/>
  <testcase name="Should_retrieve_StringArray_property" classname="nl.softcause.jsontemplates.model.DefinedModelTest" time="0"/>
  <testcase name="Should_get_IntegerList_value_as_null" classname="nl.softcause.jsontemplates.model.DefinedModelTest" time="0"/>
  <testcase name="Should_get_nested_value_of_map" classname="nl.softcause.jsontemplates.model.DefinedModelTest" time="0"/>
  <testcase name="Should_get_NestedValue_of_value_as_null" classname="nl.softcause.jsontemplates.model.DefinedModelTest" time="0"/>
  <testcase name="Should_get_NestedValue_value" classname="nl.softcause.jsontemplates.model.DefinedModelTest" time="0"/>
  <testcase name="Should_get_text_value" classname="nl.softcause.jsontemplates.model.DefinedModelTest" time="0.001"/>
  <testcase name="Should_retrieve_nested_types" classname="nl.softcause.jsontemplates.model.DefinedModelTest" time="0"/>
  <testcase name="Should_set_StringArray_value_with_array_cast" classname="nl.softcause.jsontemplates.model.DefinedModelTest" time="0"/>
  <testcase name="Should_retrieve_Integer_property" classname="nl.softcause.jsontemplates.model.DefinedModelTest" time="0"/>
  <testcase name="Should_get_Integer_value" classname="nl.softcause.jsontemplates.model.DefinedModelTest" time="0"/>
  <testcase name="Should_retrieve_TestNestedDefinition_name_property" classname="nl.softcause.jsontemplates.model.DefinedModelTest" time="0"/>
  <testcase name="Should_get_StringList_value_as_null" classname="nl.softcause.jsontemplates.model.DefinedModelTest" time="0"/>
  <testcase name="Should_retrieve_Integer_list_property" classname="nl.softcause.jsontemplates.model.DefinedModelTest" time="0"/>
  <testcase name="Should_get_Integer_value_as_null" classname="nl.softcause.jsontemplates.model.DefinedModelTest" time="0"/>
  <testcase name="Should_set_StringArray_value_to_null" classname="nl.softcause.jsontemplates.model.DefinedModelTest" time="0"/>
  <testcase name="Should_retrieve_ModelList_property" classname="nl.softcause.jsontemplates.model.DefinedModelTest" time="0"/>
  <testcase name="Should_get_IntegerList_value" classname="nl.softcause.jsontemplates.model.DefinedModelTest" time="0"/>
  <testcase name="Should_report_errors_on_primitive_nesting" classname="nl.softcause.jsontemplates.model.DefinedModelTest" time="0"/>
  <testcase name="Should_set_StringList_value_on_index_with_cast" classname="nl.softcause.jsontemplates.model.DefinedModelTest" time="0"/>
  <testcase name="Should_get_index_valued_of_IntegerList_value" classname="nl.softcause.jsontemplates.model.DefinedModelTest" time="0"/>
  <testcase name="Should_set_null_value_of_integer_map" classname="nl.softcause.jsontemplates.model.DefinedModelTest" time="0"/>
  <testcase name="Should_get_StringArray_value_as_null" classname="nl.softcause.jsontemplates.model.DefinedModelTest" time="0"/>
  <testcase name="Should_retrieve_RecursiveNestedDefinition_name_property" classname="nl.softcause.jsontemplates.model.DefinedModelTest" time="0"/>
  <testcase name="Should_retrieve_text_property" classname="nl.softcause.jsontemplates.model.DefinedModelTest" time="0"/>
  <testcase name="Should_get_index_valued_of_StringList_value" classname="nl.softcause.jsontemplates.model.DefinedModelTest" time="0.001"/>
  <testcase name="Should_set_int_value" classname="nl.softcause.jsontemplates.model.DefinedModelTest" time="0"/>
  <testcase name="Should_set_StringArray_value" classname="nl.softcause.jsontemplates.model.DefinedModelTest" time="0"/>
  <testcase name="Should_set_StringArray_value_on_index_to_null" classname="nl.softcause.jsontemplates.model.DefinedModelTest" time="0"/>
  <testcase name="Should_get_map_value" classname="nl.softcause.jsontemplates.model.DefinedModelTest" time="0"/>
  <testcase name="Should_retrieve_int_property" classname="nl.softcause.jsontemplates.model.DefinedModelTest" time="0"/>
  <testcase name="Should_set_StringArray_value_on_index" classname="nl.softcause.jsontemplates.model.DefinedModelTest" time="0"/>
  <testcase name="Should_set_IntegerList_value_on_index" classname="nl.softcause.jsontemplates.model.DefinedModelTest" time="0.001"/>
  <testcase name="Should_not_set_getter_only_property" classname="nl.softcause.jsontemplates.model.DefinedModelTest" time="0"/>
  <testcase name="Should_set_nested_value_of_array" classname="nl.softcause.jsontemplates.model.DefinedModelTest" time="0"/>
  <testcase name="Should_set_nested_value_of_map" classname="nl.softcause.jsontemplates.model.DefinedModelTest" time="0"/>
  <testcase name="Should_not_get_setter_only_property" classname="nl.softcause.jsontemplates.model.DefinedModelTest" time="0"/>
  <testcase name="Should_get_Object_value" classname="nl.softcause.jsontemplates.model.DefinedModelTest" time="0"/>
  <testcase name="Should_get_null_value_for_unknown_integer_map_entry" classname="nl.softcause.jsontemplates.model.DefinedModelTest" time="0"/>
  <testcase name="Should_set_nested_value" classname="nl.softcause.jsontemplates.model.DefinedModelTest" time="0"/>
  <testcase name="Should_get_age_value" classname="nl.softcause.jsontemplates.model.DefinedModelTest" time="0"/>
  <testcase name="Should_set_a_value_of_integer_map" classname="nl.softcause.jsontemplates.model.DefinedModelTest" time="0.001"/>
  <testcase name="Should_get_integer_map_value" classname="nl.softcause.jsontemplates.model.DefinedModelTest" time="0"/>
</testsuite>